#
# A fatal error has been detected by the Java Runtime Environment:
#
#  SIGSEGV (0xb) at pc=0x00007f4c1ff70057, pid=3987, tid=4002
#
# JRE version: Java(TM) SE Runtime Environment (11.0.1+13) (build 11.0.1+13-LTS)
# Java VM: Java HotSpot(TM) 64-Bit Server VM (11.0.1+13-LTS, mixed mode, tiered, compressed oops, g1 gc, linux-amd64)
# Problematic frame:
# V  [libjvm.so+0x927057]  jni_SetStaticBooleanField+0x77
#
# Core dump will be written. Default location: Core dumps may be processed with "/usr/lib/systemd/systemd-coredump %P %u %g %s %t %c %e" (or dumping to /media/data/STOCKER/core.3987)
#
# If you would like to submit a bug report, please visit:
#   http://bugreport.java.com/bugreport/crash.jsp
#

---------------  S U M M A R Y ------------

Command Line: -Dclassworlds.conf=/opt/maven/bin/m2.conf -Dmaven.home=/opt/maven -Dlibrary.jansi.path=/opt/maven/lib/jansi-native -Dmaven.multiModuleProjectDirectory=/media/data/STOCKER org.codehaus.plexus.classworlds.launcher.Launcher install

Host: Intel(R) Core(TM) i5-7200U CPU @ 2.50GHz, 4 cores, 11G, LSB_VERSION="core-2.0-noarch:core-3.2-noarch:core-4.0-noarch:core-2.0-x86_64:core-3.2-x86_64:core-4.0-x86_64"
Time: Thu Nov 15 16:30:49 2018 MSK elapsed time: 0 seconds (0d 0h 0m 0s)

---------------  T H R E A D  ---------------

Current thread (0x00007f4c18010000):  JavaThread "main" [_thread_in_vm, id=4002, stack(0x00007f4c2180f000,0x00007f4c21910000)]

Stack: [0x00007f4c2180f000,0x00007f4c21910000],  sp=0x00007f4c2190cfb0,  free space=1015k
Native frames: (J=compiled Java code, A=aot compiled Java code, j=interpreted, Vv=VM code, C=native code)
V  [libjvm.so+0x927057]  jni_SetStaticBooleanField+0x77
C  [libjansi.so+0x1c2a]  Java_org_fusesource_jansi_internal_CLibrary_init+0x10a

Java frames: (J=compiled Java code, j=interpreted, Vv=VM code)
j  org.fusesource.jansi.internal.CLibrary.init()V+0
j  org.fusesource.jansi.internal.CLibrary.<clinit>()V+20
v  ~StubRoutines::call_stub
j  org.fusesource.jansi.AnsiConsole.wrapOutputStream(Ljava/io/OutputStream;)Ljava/io/OutputStream;+1
j  org.fusesource.jansi.AnsiConsole.<clinit>()V+243
v  ~StubRoutines::call_stub
j  org.apache.maven.shared.utils.logging.MessageUtils.systemInstall()V+6
j  org.apache.maven.cli.MavenCli.main([Ljava/lang/String;Lorg/codehaus/plexus/classworlds/ClassWorld;)I+8
v  ~StubRoutines::call_stub
j  jdk.internal.reflect.NativeMethodAccessorImpl.invoke0(Ljava/lang/reflect/Method;Ljava/lang/Object;[Ljava/lang/Object;)Ljava/lang/Object;+0 java.base@11.0.1
j  jdk.internal.reflect.NativeMethodAccessorImpl.invoke(Ljava/lang/Object;[Ljava/lang/Object;)Ljava/lang/Object;+100 java.base@11.0.1
j  jdk.internal.reflect.DelegatingMethodAccessorImpl.invoke(Ljava/lang/Object;[Ljava/lang/Object;)Ljava/lang/Object;+6 java.base@11.0.1
j  java.lang.reflect.Method.invoke(Ljava/lang/Object;[Ljava/lang/Object;)Ljava/lang/Object;+59 java.base@11.0.1
j  org.codehaus.plexus.classworlds.launcher.Launcher.launchEnhanced([Ljava/lang/String;)V+45
j  org.codehaus.plexus.classworlds.launcher.Launcher.launch([Ljava/lang/String;)V+2
j  org.codehaus.plexus.classworlds.launcher.Launcher.mainWithExitCode([Ljava/lang/String;)I+101
j  org.codehaus.plexus.classworlds.launcher.Launcher.main([Ljava/lang/String;)V+1
v  ~StubRoutines::call_stub

siginfo: si_signo: 11 (SIGSEGV), si_code: 1 (SEGV_MAPERR), si_addr: 0x0000000000000000

Register to memory mapping:

RAX=0x00007f4c20aed5c9: <offset 0x00000000014a45c9> in /usr/java/jdk-11.0.1/lib/server/libjvm.so at 0x00007f4c1f649000
RBX=0x00007f4c18010000 is a thread
RCX=0x0000000000000001 is an unknown value
RDX=0x00007f4c18010a78 points into unknown readable memory
RSP=0x00007f4c2190cfb0 is pointing into the stack for thread: 0x00007f4c18010000
RBP=0x00007f4c2190d010 is pointing into the stack for thread: 0x00007f4c18010000
RSI=0x00007f4c18010000 is a thread
RDI=0x00007f4c18010000 is a thread
R8 =0x0 is NULL
R9 =0x0 is NULL
R10=0x0 is NULL
R11=0x0 is NULL
R12=0x0000000000000001 is an unknown value
R13=0x0 is NULL
R14=0x00007f4c18010340 points into unknown readable memory
R15=0x00007f4c2190d098 is pointing into the stack for thread: 0x00007f4c18010000


Registers:
RAX=0x00007f4c20aed5c9, RBX=0x00007f4c18010000, RCX=0x0000000000000001, RDX=0x00007f4c18010a78
RSP=0x00007f4c2190cfb0, RBP=0x00007f4c2190d010, RSI=0x00007f4c18010000, RDI=0x00007f4c18010000
R8 =0x0000000000000000, R9 =0x0000000000000000, R10=0x0000000000000000, R11=0x0000000000000000
R12=0x0000000000000001, R13=0x0000000000000000, R14=0x00007f4c18010340, R15=0x00007f4c2190d098
RIP=0x00007f4c1ff70057, EFLAGS=0x0000000000010246, CSGSFS=0x002b000000000033, ERR=0x0000000000000004
  TRAPNO=0x000000000000000e

Top of Stack: (sp=0x00007f4c2190cfb0)
0x00007f4c2190cfb0:   00007f4c18010000 00007f4c18010000
0x00007f4c2190cfc0:   00007f4c18010000 00007f4c18010a70
0x00007f4c2190cfd0:   00000000000008e1 00007f4c2058daa8
0x00007f4c2190cfe0:   00007f4c2190d0a0 00007f4c18010340 

Instructions: (pc=0x00007f4c1ff70057)
0x00007f4c1ff70037:   00 00 00 00 74 09 48 8d 7d b0 e8 3a 43 37 00 90
0x00007f4c1ff70047:   48 8d 05 7b d5 b7 00 80 38 00 0f 85 89 00 00 00
0x00007f4c1ff70057:   49 8b 7d 00 41 83 e4 01 e8 3c d8 13 00 49 63 55
0x00007f4c1ff70067:   10 44 88 24 10 90 48 83 7d b8 00 74 09 48 8d 7d 


---------------  P R O C E S S  ---------------

Threads class SMR info:
_java_thread_list=0x00007f4c1825d740, length=9, elements={
0x00007f4c18010000, 0x00007f4c1819c000, 0x00007f4c181a0000, 0x00007f4c181b7000,
0x00007f4c181b9000, 0x00007f4c181bb000, 0x00007f4c181bd000, 0x00007f4c1824b800,
0x00007f4c1825c000
}

Java Threads: ( => current thread )
=>0x00007f4c18010000 JavaThread "main" [_thread_in_vm, id=4002, stack(0x00007f4c2180f000,0x00007f4c21910000)]
  0x00007f4c1819c000 JavaThread "Reference Handler" daemon [_thread_blocked, id=4009, stack(0x00007f4c00966000,0x00007f4c00a67000)]
  0x00007f4c181a0000 JavaThread "Finalizer" daemon [_thread_blocked, id=4010, stack(0x00007f4c00865000,0x00007f4c00966000)]
  0x00007f4c181b7000 JavaThread "Signal Dispatcher" daemon [_thread_blocked, id=4011, stack(0x00007f4c005e3000,0x00007f4c006e4000)]
  0x00007f4c181b9000 JavaThread "C2 CompilerThread0" daemon [_thread_blocked, id=4012, stack(0x00007f4c004e2000,0x00007f4c005e3000)]
  0x00007f4c181bb000 JavaThread "C1 CompilerThread0" daemon [_thread_blocked, id=4013, stack(0x00007f4c003e1000,0x00007f4c004e2000)]
  0x00007f4c181bd000 JavaThread "Sweeper thread" daemon [_thread_blocked, id=4014, stack(0x00007f4c002e0000,0x00007f4c003e1000)]
  0x00007f4c1824b800 JavaThread "Service Thread" daemon [_thread_blocked, id=4015, stack(0x00007f4c001df000,0x00007f4c002e0000)]
  0x00007f4c1825c000 JavaThread "Common-Cleaner" daemon [_thread_blocked, id=4017, stack(0x00007f4bf421f000,0x00007f4bf4320000)]

Other Threads:
  0x00007f4c18194000 VMThread "VM Thread" [stack: 0x00007f4c00a69000,0x00007f4c00b69000] [id=4008]
  0x00007f4c18252800 WatcherThread [stack: 0x00007f4c000df000,0x00007f4c001df000] [id=4016]
  0x00007f4c18037800 GCTaskThread "GC Thread#0" [stack: 0x00007f4c1e5bf000,0x00007f4c1e6bf000] [id=4003]
  0x00007f4c1807f000 ConcurrentGCThread "G1 Main Marker" [stack: 0x00007f4c1cf4f000,0x00007f4c1d04f000] [id=4004]
  0x00007f4c18080800 ConcurrentGCThread "G1 Conc#0" [stack: 0x00007f4c1ce4d000,0x00007f4c1cf4d000] [id=4005]
  0x00007f4c18131800 ConcurrentGCThread "G1 Refine#0" [stack: 0x00007f4c1c947000,0x00007f4c1ca47000] [id=4006]
  0x00007f4c18133800 ConcurrentGCThread "G1 Young RemSet Sampling" [stack: 0x00007f4c1c845000,0x00007f4c1c945000] [id=4007]

Threads with active compile tasks:

VM state:not at safepoint (normal execution)

VM Mutex/Monitor currently owned by a thread: None

Heap address: 0x0000000746400000, size: 2972 MB, Compressed Oops mode: Zero based, Oop shift amount: 3
Narrow klass base: 0x0000000800000000, Narrow klass shift: 0
Compressed class space size: 1073741824 Address: 0x0000000800000000

Heap:
 garbage-first heap   total 190464K, used 3072K [0x0000000746400000, 0x0000000800000000)
  region size 1024K, 4 young (4096K), 0 survivors (0K)
 Metaspace       used 6247K, capacity 6406K, committed 6528K, reserved 1056768K
  class space    used 527K, capacity 608K, committed 640K, reserved 1048576K
Heap Regions: E=young(eden), S=young(survivor), O=old, HS=humongous(starts), HC=humongous(continues), CS=collection set, F=free, A=archive, TAMS=top-at-mark-start (previous, next)
|   0|0x0000000746400000, 0x0000000746400000, 0x0000000746500000|  0%| F|  |TAMS 0x0000000746400000, 0x0000000746400000| Untracked 
|   1|0x0000000746500000, 0x0000000746500000, 0x0000000746600000|  0%| F|  |TAMS 0x0000000746500000, 0x0000000746500000| Untracked 
|   2|0x0000000746600000, 0x0000000746600000, 0x0000000746700000|  0%| F|  |TAMS 0x0000000746600000, 0x0000000746600000| Untracked 
|   3|0x0000000746700000, 0x0000000746700000, 0x0000000746800000|  0%| F|  |TAMS 0x0000000746700000, 0x0000000746700000| Untracked 
|   4|0x0000000746800000, 0x0000000746800000, 0x0000000746900000|  0%| F|  |TAMS 0x0000000746800000, 0x0000000746800000| Untracked 
|   5|0x0000000746900000, 0x0000000746900000, 0x0000000746a00000|  0%| F|  |TAMS 0x0000000746900000, 0x0000000746900000| Untracked 
|   6|0x0000000746a00000, 0x0000000746a00000, 0x0000000746b00000|  0%| F|  |TAMS 0x0000000746a00000, 0x0000000746a00000| Untracked 
|   7|0x0000000746b00000, 0x0000000746b00000, 0x0000000746c00000|  0%| F|  |TAMS 0x0000000746b00000, 0x0000000746b00000| Untracked 
|   8|0x0000000746c00000, 0x0000000746c00000, 0x0000000746d00000|  0%| F|  |TAMS 0x0000000746c00000, 0x0000000746c00000| Untracked 
|   9|0x0000000746d00000, 0x0000000746d00000, 0x0000000746e00000|  0%| F|  |TAMS 0x0000000746d00000, 0x0000000746d00000| Untracked 
|  10|0x0000000746e00000, 0x0000000746e00000, 0x0000000746f00000|  0%| F|  |TAMS 0x0000000746e00000, 0x0000000746e00000| Untracked 
|  11|0x0000000746f00000, 0x0000000746f00000, 0x0000000747000000|  0%| F|  |TAMS 0x0000000746f00000, 0x0000000746f00000| Untracked 
|  12|0x0000000747000000, 0x0000000747000000, 0x0000000747100000|  0%| F|  |TAMS 0x0000000747000000, 0x0000000747000000| Untracked 
|  13|0x0000000747100000, 0x0000000747100000, 0x0000000747200000|  0%| F|  |TAMS 0x0000000747100000, 0x0000000747100000| Untracked 
|  14|0x0000000747200000, 0x0000000747200000, 0x0000000747300000|  0%| F|  |TAMS 0x0000000747200000, 0x0000000747200000| Untracked 
|  15|0x0000000747300000, 0x0000000747300000, 0x0000000747400000|  0%| F|  |TAMS 0x0000000747300000, 0x0000000747300000| Untracked 
|  16|0x0000000747400000, 0x0000000747400000, 0x0000000747500000|  0%| F|  |TAMS 0x0000000747400000, 0x0000000747400000| Untracked 
|  17|0x0000000747500000, 0x0000000747500000, 0x0000000747600000|  0%| F|  |TAMS 0x0000000747500000, 0x0000000747500000| Untracked 
|  18|0x0000000747600000, 0x0000000747600000, 0x0000000747700000|  0%| F|  |TAMS 0x0000000747600000, 0x0000000747600000| Untracked 
|  19|0x0000000747700000, 0x0000000747700000, 0x0000000747800000|  0%| F|  |TAMS 0x0000000747700000, 0x0000000747700000| Untracked 
|  20|0x0000000747800000, 0x0000000747800000, 0x0000000747900000|  0%| F|  |TAMS 0x0000000747800000, 0x0000000747800000| Untracked 
|  21|0x0000000747900000, 0x0000000747900000, 0x0000000747a00000|  0%| F|  |TAMS 0x0000000747900000, 0x0000000747900000| Untracked 
|  22|0x0000000747a00000, 0x0000000747a00000, 0x0000000747b00000|  0%| F|  |TAMS 0x0000000747a00000, 0x0000000747a00000| Untracked 
|  23|0x0000000747b00000, 0x0000000747b00000, 0x0000000747c00000|  0%| F|  |TAMS 0x0000000747b00000, 0x0000000747b00000| Untracked 
|  24|0x0000000747c00000, 0x0000000747c00000, 0x0000000747d00000|  0%| F|  |TAMS 0x0000000747c00000, 0x0000000747c00000| Untracked 
|  25|0x0000000747d00000, 0x0000000747d00000, 0x0000000747e00000|  0%| F|  |TAMS 0x0000000747d00000, 0x0000000747d00000| Untracked 
|  26|0x0000000747e00000, 0x0000000747e00000, 0x0000000747f00000|  0%| F|  |TAMS 0x0000000747e00000, 0x0000000747e00000| Untracked 
|  27|0x0000000747f00000, 0x0000000747f00000, 0x0000000748000000|  0%| F|  |TAMS 0x0000000747f00000, 0x0000000747f00000| Untracked 
|  28|0x0000000748000000, 0x0000000748000000, 0x0000000748100000|  0%| F|  |TAMS 0x0000000748000000, 0x0000000748000000| Untracked 
|  29|0x0000000748100000, 0x0000000748100000, 0x0000000748200000|  0%| F|  |TAMS 0x0000000748100000, 0x0000000748100000| Untracked 
|  30|0x0000000748200000, 0x0000000748200000, 0x0000000748300000|  0%| F|  |TAMS 0x0000000748200000, 0x0000000748200000| Untracked 
|  31|0x0000000748300000, 0x0000000748300000, 0x0000000748400000|  0%| F|  |TAMS 0x0000000748300000, 0x0000000748300000| Untracked 
|  32|0x0000000748400000, 0x0000000748400000, 0x0000000748500000|  0%| F|  |TAMS 0x0000000748400000, 0x0000000748400000| Untracked 
|  33|0x0000000748500000, 0x0000000748500000, 0x0000000748600000|  0%| F|  |TAMS 0x0000000748500000, 0x0000000748500000| Untracked 
|  34|0x0000000748600000, 0x0000000748600000, 0x0000000748700000|  0%| F|  |TAMS 0x0000000748600000, 0x0000000748600000| Untracked 
|  35|0x0000000748700000, 0x0000000748700000, 0x0000000748800000|  0%| F|  |TAMS 0x0000000748700000, 0x0000000748700000| Untracked 
|  36|0x0000000748800000, 0x0000000748800000, 0x0000000748900000|  0%| F|  |TAMS 0x0000000748800000, 0x0000000748800000| Untracked 
|  37|0x0000000748900000, 0x0000000748900000, 0x0000000748a00000|  0%| F|  |TAMS 0x0000000748900000, 0x0000000748900000| Untracked 
|  38|0x0000000748a00000, 0x0000000748a00000, 0x0000000748b00000|  0%| F|  |TAMS 0x0000000748a00000, 0x0000000748a00000| Untracked 
|  39|0x0000000748b00000, 0x0000000748b00000, 0x0000000748c00000|  0%| F|  |TAMS 0x0000000748b00000, 0x0000000748b00000| Untracked 
|  40|0x0000000748c00000, 0x0000000748c00000, 0x0000000748d00000|  0%| F|  |TAMS 0x0000000748c00000, 0x0000000748c00000| Untracked 
|  41|0x0000000748d00000, 0x0000000748d00000, 0x0000000748e00000|  0%| F|  |TAMS 0x0000000748d00000, 0x0000000748d00000| Untracked 
|  42|0x0000000748e00000, 0x0000000748e00000, 0x0000000748f00000|  0%| F|  |TAMS 0x0000000748e00000, 0x0000000748e00000| Untracked 
|  43|0x0000000748f00000, 0x0000000748f00000, 0x0000000749000000|  0%| F|  |TAMS 0x0000000748f00000, 0x0000000748f00000| Untracked 
|  44|0x0000000749000000, 0x0000000749000000, 0x0000000749100000|  0%| F|  |TAMS 0x0000000749000000, 0x0000000749000000| Untracked 
|  45|0x0000000749100000, 0x0000000749100000, 0x0000000749200000|  0%| F|  |TAMS 0x0000000749100000, 0x0000000749100000| Untracked 
|  46|0x0000000749200000, 0x0000000749200000, 0x0000000749300000|  0%| F|  |TAMS 0x0000000749200000, 0x0000000749200000| Untracked 
|  47|0x0000000749300000, 0x0000000749300000, 0x0000000749400000|  0%| F|  |TAMS 0x0000000749300000, 0x0000000749300000| Untracked 
|  48|0x0000000749400000, 0x0000000749400000, 0x0000000749500000|  0%| F|  |TAMS 0x0000000749400000, 0x0000000749400000| Untracked 
|  49|0x0000000749500000, 0x0000000749500000, 0x0000000749600000|  0%| F|  |TAMS 0x0000000749500000, 0x0000000749500000| Untracked 
|  50|0x0000000749600000, 0x0000000749600000, 0x0000000749700000|  0%| F|  |TAMS 0x0000000749600000, 0x0000000749600000| Untracked 
|  51|0x0000000749700000, 0x0000000749700000, 0x0000000749800000|  0%| F|  |TAMS 0x0000000749700000, 0x0000000749700000| Untracked 
|  52|0x0000000749800000, 0x0000000749800000, 0x0000000749900000|  0%| F|  |TAMS 0x0000000749800000, 0x0000000749800000| Untracked 
|  53|0x0000000749900000, 0x0000000749900000, 0x0000000749a00000|  0%| F|  |TAMS 0x0000000749900000, 0x0000000749900000| Untracked 
|  54|0x0000000749a00000, 0x0000000749a00000, 0x0000000749b00000|  0%| F|  |TAMS 0x0000000749a00000, 0x0000000749a00000| Untracked 
|  55|0x0000000749b00000, 0x0000000749b00000, 0x0000000749c00000|  0%| F|  |TAMS 0x0000000749b00000, 0x0000000749b00000| Untracked 
|  56|0x0000000749c00000, 0x0000000749c00000, 0x0000000749d00000|  0%| F|  |TAMS 0x0000000749c00000, 0x0000000749c00000| Untracked 
|  57|0x0000000749d00000, 0x0000000749d00000, 0x0000000749e00000|  0%| F|  |TAMS 0x0000000749d00000, 0x0000000749d00000| Untracked 
|  58|0x0000000749e00000, 0x0000000749e00000, 0x0000000749f00000|  0%| F|  |TAMS 0x0000000749e00000, 0x0000000749e00000| Untracked 
|  59|0x0000000749f00000, 0x0000000749f00000, 0x000000074a000000|  0%| F|  |TAMS 0x0000000749f00000, 0x0000000749f00000| Untracked 
|  60|0x000000074a000000, 0x000000074a000000, 0x000000074a100000|  0%| F|  |TAMS 0x000000074a000000, 0x000000074a000000| Untracked 
|  61|0x000000074a100000, 0x000000074a100000, 0x000000074a200000|  0%| F|  |TAMS 0x000000074a100000, 0x000000074a100000| Untracked 
|  62|0x000000074a200000, 0x000000074a200000, 0x000000074a300000|  0%| F|  |TAMS 0x000000074a200000, 0x000000074a200000| Untracked 
|  63|0x000000074a300000, 0x000000074a300000, 0x000000074a400000|  0%| F|  |TAMS 0x000000074a300000, 0x000000074a300000| Untracked 
|  64|0x000000074a400000, 0x000000074a400000, 0x000000074a500000|  0%| F|  |TAMS 0x000000074a400000, 0x000000074a400000| Untracked 
|  65|0x000000074a500000, 0x000000074a500000, 0x000000074a600000|  0%| F|  |TAMS 0x000000074a500000, 0x000000074a500000| Untracked 
|  66|0x000000074a600000, 0x000000074a600000, 0x000000074a700000|  0%| F|  |TAMS 0x000000074a600000, 0x000000074a600000| Untracked 
|  67|0x000000074a700000, 0x000000074a700000, 0x000000074a800000|  0%| F|  |TAMS 0x000000074a700000, 0x000000074a700000| Untracked 
|  68|0x000000074a800000, 0x000000074a800000, 0x000000074a900000|  0%| F|  |TAMS 0x000000074a800000, 0x000000074a800000| Untracked 
|  69|0x000000074a900000, 0x000000074a900000, 0x000000074aa00000|  0%| F|  |TAMS 0x000000074a900000, 0x000000074a900000| Untracked 
|  70|0x000000074aa00000, 0x000000074aa00000, 0x000000074ab00000|  0%| F|  |TAMS 0x000000074aa00000, 0x000000074aa00000| Untracked 
|  71|0x000000074ab00000, 0x000000074ab00000, 0x000000074ac00000|  0%| F|  |TAMS 0x000000074ab00000, 0x000000074ab00000| Untracked 
|  72|0x000000074ac00000, 0x000000074ac00000, 0x000000074ad00000|  0%| F|  |TAMS 0x000000074ac00000, 0x000000074ac00000| Untracked 
|  73|0x000000074ad00000, 0x000000074ad00000, 0x000000074ae00000|  0%| F|  |TAMS 0x000000074ad00000, 0x000000074ad00000| Untracked 
|  74|0x000000074ae00000, 0x000000074ae00000, 0x000000074af00000|  0%| F|  |TAMS 0x000000074ae00000, 0x000000074ae00000| Untracked 
|  75|0x000000074af00000, 0x000000074af00000, 0x000000074b000000|  0%| F|  |TAMS 0x000000074af00000, 0x000000074af00000| Untracked 
|  76|0x000000074b000000, 0x000000074b000000, 0x000000074b100000|  0%| F|  |TAMS 0x000000074b000000, 0x000000074b000000| Untracked 
|  77|0x000000074b100000, 0x000000074b100000, 0x000000074b200000|  0%| F|  |TAMS 0x000000074b100000, 0x000000074b100000| Untracked 
|  78|0x000000074b200000, 0x000000074b200000, 0x000000074b300000|  0%| F|  |TAMS 0x000000074b200000, 0x000000074b200000| Untracked 
|  79|0x000000074b300000, 0x000000074b300000, 0x000000074b400000|  0%| F|  |TAMS 0x000000074b300000, 0x000000074b300000| Untracked 
|  80|0x000000074b400000, 0x000000074b400000, 0x000000074b500000|  0%| F|  |TAMS 0x000000074b400000, 0x000000074b400000| Untracked 
|  81|0x000000074b500000, 0x000000074b500000, 0x000000074b600000|  0%| F|  |TAMS 0x000000074b500000, 0x000000074b500000| Untracked 
|  82|0x000000074b600000, 0x000000074b600000, 0x000000074b700000|  0%| F|  |TAMS 0x000000074b600000, 0x000000074b600000| Untracked 
|  83|0x000000074b700000, 0x000000074b700000, 0x000000074b800000|  0%| F|  |TAMS 0x000000074b700000, 0x000000074b700000| Untracked 
|  84|0x000000074b800000, 0x000000074b800000, 0x000000074b900000|  0%| F|  |TAMS 0x000000074b800000, 0x000000074b800000| Untracked 
|  85|0x000000074b900000, 0x000000074b900000, 0x000000074ba00000|  0%| F|  |TAMS 0x000000074b900000, 0x000000074b900000| Untracked 
|  86|0x000000074ba00000, 0x000000074ba00000, 0x000000074bb00000|  0%| F|  |TAMS 0x000000074ba00000, 0x000000074ba00000| Untracked 
|  87|0x000000074bb00000, 0x000000074bb00000, 0x000000074bc00000|  0%| F|  |TAMS 0x000000074bb00000, 0x000000074bb00000| Untracked 
|  88|0x000000074bc00000, 0x000000074bc00000, 0x000000074bd00000|  0%| F|  |TAMS 0x000000074bc00000, 0x000000074bc00000| Untracked 
|  89|0x000000074bd00000, 0x000000074bd00000, 0x000000074be00000|  0%| F|  |TAMS 0x000000074bd00000, 0x000000074bd00000| Untracked 
|  90|0x000000074be00000, 0x000000074be00000, 0x000000074bf00000|  0%| F|  |TAMS 0x000000074be00000, 0x000000074be00000| Untracked 
|  91|0x000000074bf00000, 0x000000074bf00000, 0x000000074c000000|  0%| F|  |TAMS 0x000000074bf00000, 0x000000074bf00000| Untracked 
|  92|0x000000074c000000, 0x000000074c000000, 0x000000074c100000|  0%| F|  |TAMS 0x000000074c000000, 0x000000074c000000| Untracked 
|  93|0x000000074c100000, 0x000000074c100000, 0x000000074c200000|  0%| F|  |TAMS 0x000000074c100000, 0x000000074c100000| Untracked 
|  94|0x000000074c200000, 0x000000074c200000, 0x000000074c300000|  0%| F|  |TAMS 0x000000074c200000, 0x000000074c200000| Untracked 
|  95|0x000000074c300000, 0x000000074c300000, 0x000000074c400000|  0%| F|  |TAMS 0x000000074c300000, 0x000000074c300000| Untracked 
|  96|0x000000074c400000, 0x000000074c400000, 0x000000074c500000|  0%| F|  |TAMS 0x000000074c400000, 0x000000074c400000| Untracked 
|  97|0x000000074c500000, 0x000000074c500000, 0x000000074c600000|  0%| F|  |TAMS 0x000000074c500000, 0x000000074c500000| Untracked 
|  98|0x000000074c600000, 0x000000074c600000, 0x000000074c700000|  0%| F|  |TAMS 0x000000074c600000, 0x000000074c600000| Untracked 
|  99|0x000000074c700000, 0x000000074c700000, 0x000000074c800000|  0%| F|  |TAMS 0x000000074c700000, 0x000000074c700000| Untracked 
| 100|0x000000074c800000, 0x000000074c800000, 0x000000074c900000|  0%| F|  |TAMS 0x000000074c800000, 0x000000074c800000| Untracked 
| 101|0x000000074c900000, 0x000000074c900000, 0x000000074ca00000|  0%| F|  |TAMS 0x000000074c900000, 0x000000074c900000| Untracked 
| 102|0x000000074ca00000, 0x000000074ca00000, 0x000000074cb00000|  0%| F|  |TAMS 0x000000074ca00000, 0x000000074ca00000| Untracked 
| 103|0x000000074cb00000, 0x000000074cb00000, 0x000000074cc00000|  0%| F|  |TAMS 0x000000074cb00000, 0x000000074cb00000| Untracked 
| 104|0x000000074cc00000, 0x000000074cc00000, 0x000000074cd00000|  0%| F|  |TAMS 0x000000074cc00000, 0x000000074cc00000| Untracked 
| 105|0x000000074cd00000, 0x000000074cd00000, 0x000000074ce00000|  0%| F|  |TAMS 0x000000074cd00000, 0x000000074cd00000| Untracked 
| 106|0x000000074ce00000, 0x000000074ce00000, 0x000000074cf00000|  0%| F|  |TAMS 0x000000074ce00000, 0x000000074ce00000| Untracked 
| 107|0x000000074cf00000, 0x000000074cf00000, 0x000000074d000000|  0%| F|  |TAMS 0x000000074cf00000, 0x000000074cf00000| Untracked 
| 108|0x000000074d000000, 0x000000074d000000, 0x000000074d100000|  0%| F|  |TAMS 0x000000074d000000, 0x000000074d000000| Untracked 
| 109|0x000000074d100000, 0x000000074d100000, 0x000000074d200000|  0%| F|  |TAMS 0x000000074d100000, 0x000000074d100000| Untracked 
| 110|0x000000074d200000, 0x000000074d200000, 0x000000074d300000|  0%| F|  |TAMS 0x000000074d200000, 0x000000074d200000| Untracked 
| 111|0x000000074d300000, 0x000000074d300000, 0x000000074d400000|  0%| F|  |TAMS 0x000000074d300000, 0x000000074d300000| Untracked 
| 112|0x000000074d400000, 0x000000074d400000, 0x000000074d500000|  0%| F|  |TAMS 0x000000074d400000, 0x000000074d400000| Untracked 
| 113|0x000000074d500000, 0x000000074d500000, 0x000000074d600000|  0%| F|  |TAMS 0x000000074d500000, 0x000000074d500000| Untracked 
| 114|0x000000074d600000, 0x000000074d600000, 0x000000074d700000|  0%| F|  |TAMS 0x000000074d600000, 0x000000074d600000| Untracked 
| 115|0x000000074d700000, 0x000000074d700000, 0x000000074d800000|  0%| F|  |TAMS 0x000000074d700000, 0x000000074d700000| Untracked 
| 116|0x000000074d800000, 0x000000074d800000, 0x000000074d900000|  0%| F|  |TAMS 0x000000074d800000, 0x000000074d800000| Untracked 
| 117|0x000000074d900000, 0x000000074d900000, 0x000000074da00000|  0%| F|  |TAMS 0x000000074d900000, 0x000000074d900000| Untracked 
| 118|0x000000074da00000, 0x000000074da00000, 0x000000074db00000|  0%| F|  |TAMS 0x000000074da00000, 0x000000074da00000| Untracked 
| 119|0x000000074db00000, 0x000000074db00000, 0x000000074dc00000|  0%| F|  |TAMS 0x000000074db00000, 0x000000074db00000| Untracked 
| 120|0x000000074dc00000, 0x000000074dc00000, 0x000000074dd00000|  0%| F|  |TAMS 0x000000074dc00000, 0x000000074dc00000| Untracked 
| 121|0x000000074dd00000, 0x000000074dd00000, 0x000000074de00000|  0%| F|  |TAMS 0x000000074dd00000, 0x000000074dd00000| Untracked 
| 122|0x000000074de00000, 0x000000074de00000, 0x000000074df00000|  0%| F|  |TAMS 0x000000074de00000, 0x000000074de00000| Untracked 
| 123|0x000000074df00000, 0x000000074df00000, 0x000000074e000000|  0%| F|  |TAMS 0x000000074df00000, 0x000000074df00000| Untracked 
| 124|0x000000074e000000, 0x000000074e000000, 0x000000074e100000|  0%| F|  |TAMS 0x000000074e000000, 0x000000074e000000| Untracked 
| 125|0x000000074e100000, 0x000000074e100000, 0x000000074e200000|  0%| F|  |TAMS 0x000000074e100000, 0x000000074e100000| Untracked 
| 126|0x000000074e200000, 0x000000074e200000, 0x000000074e300000|  0%| F|  |TAMS 0x000000074e200000, 0x000000074e200000| Untracked 
| 127|0x000000074e300000, 0x000000074e300000, 0x000000074e400000|  0%| F|  |TAMS 0x000000074e300000, 0x000000074e300000| Untracked 
| 128|0x000000074e400000, 0x000000074e400000, 0x000000074e500000|  0%| F|  |TAMS 0x000000074e400000, 0x000000074e400000| Untracked 
| 129|0x000000074e500000, 0x000000074e500000, 0x000000074e600000|  0%| F|  |TAMS 0x000000074e500000, 0x000000074e500000| Untracked 
| 130|0x000000074e600000, 0x000000074e600000, 0x000000074e700000|  0%| F|  |TAMS 0x000000074e600000, 0x000000074e600000| Untracked 
| 131|0x000000074e700000, 0x000000074e700000, 0x000000074e800000|  0%| F|  |TAMS 0x000000074e700000, 0x000000074e700000| Untracked 
| 132|0x000000074e800000, 0x000000074e800000, 0x000000074e900000|  0%| F|  |TAMS 0x000000074e800000, 0x000000074e800000| Untracked 
| 133|0x000000074e900000, 0x000000074e900000, 0x000000074ea00000|  0%| F|  |TAMS 0x000000074e900000, 0x000000074e900000| Untracked 
| 134|0x000000074ea00000, 0x000000074ea00000, 0x000000074eb00000|  0%| F|  |TAMS 0x000000074ea00000, 0x000000074ea00000| Untracked 
| 135|0x000000074eb00000, 0x000000074eb00000, 0x000000074ec00000|  0%| F|  |TAMS 0x000000074eb00000, 0x000000074eb00000| Untracked 
| 136|0x000000074ec00000, 0x000000074ec00000, 0x000000074ed00000|  0%| F|  |TAMS 0x000000074ec00000, 0x000000074ec00000| Untracked 
| 137|0x000000074ed00000, 0x000000074ed00000, 0x000000074ee00000|  0%| F|  |TAMS 0x000000074ed00000, 0x000000074ed00000| Untracked 
| 138|0x000000074ee00000, 0x000000074ee00000, 0x000000074ef00000|  0%| F|  |TAMS 0x000000074ee00000, 0x000000074ee00000| Untracked 
| 139|0x000000074ef00000, 0x000000074ef00000, 0x000000074f000000|  0%| F|  |TAMS 0x000000074ef00000, 0x000000074ef00000| Untracked 
| 140|0x000000074f000000, 0x000000074f000000, 0x000000074f100000|  0%| F|  |TAMS 0x000000074f000000, 0x000000074f000000| Untracked 
| 141|0x000000074f100000, 0x000000074f100000, 0x000000074f200000|  0%| F|  |TAMS 0x000000074f100000, 0x000000074f100000| Untracked 
| 142|0x000000074f200000, 0x000000074f200000, 0x000000074f300000|  0%| F|  |TAMS 0x000000074f200000, 0x000000074f200000| Untracked 
| 143|0x000000074f300000, 0x000000074f300000, 0x000000074f400000|  0%| F|  |TAMS 0x000000074f300000, 0x000000074f300000| Untracked 
| 144|0x000000074f400000, 0x000000074f400000, 0x000000074f500000|  0%| F|  |TAMS 0x000000074f400000, 0x000000074f400000| Untracked 
| 145|0x000000074f500000, 0x000000074f500000, 0x000000074f600000|  0%| F|  |TAMS 0x000000074f500000, 0x000000074f500000| Untracked 
| 146|0x000000074f600000, 0x000000074f600000, 0x000000074f700000|  0%| F|  |TAMS 0x000000074f600000, 0x000000074f600000| Untracked 
| 147|0x000000074f700000, 0x000000074f700000, 0x000000074f800000|  0%| F|  |TAMS 0x000000074f700000, 0x000000074f700000| Untracked 
| 148|0x000000074f800000, 0x000000074f800000, 0x000000074f900000|  0%| F|  |TAMS 0x000000074f800000, 0x000000074f800000| Untracked 
| 149|0x000000074f900000, 0x000000074f900000, 0x000000074fa00000|  0%| F|  |TAMS 0x000000074f900000, 0x000000074f900000| Untracked 
| 150|0x000000074fa00000, 0x000000074fa00000, 0x000000074fb00000|  0%| F|  |TAMS 0x000000074fa00000, 0x000000074fa00000| Untracked 
| 151|0x000000074fb00000, 0x000000074fb00000, 0x000000074fc00000|  0%| F|  |TAMS 0x000000074fb00000, 0x000000074fb00000| Untracked 
| 152|0x000000074fc00000, 0x000000074fc00000, 0x000000074fd00000|  0%| F|  |TAMS 0x000000074fc00000, 0x000000074fc00000| Untracked 
| 153|0x000000074fd00000, 0x000000074fd00000, 0x000000074fe00000|  0%| F|  |TAMS 0x000000074fd00000, 0x000000074fd00000| Untracked 
| 154|0x000000074fe00000, 0x000000074fe00000, 0x000000074ff00000|  0%| F|  |TAMS 0x000000074fe00000, 0x000000074fe00000| Untracked 
| 155|0x000000074ff00000, 0x000000074ff00000, 0x0000000750000000|  0%| F|  |TAMS 0x000000074ff00000, 0x000000074ff00000| Untracked 
| 156|0x0000000750000000, 0x0000000750000000, 0x0000000750100000|  0%| F|  |TAMS 0x0000000750000000, 0x0000000750000000| Untracked 
| 157|0x0000000750100000, 0x0000000750100000, 0x0000000750200000|  0%| F|  |TAMS 0x0000000750100000, 0x0000000750100000| Untracked 
| 158|0x0000000750200000, 0x0000000750200000, 0x0000000750300000|  0%| F|  |TAMS 0x0000000750200000, 0x0000000750200000| Untracked 
| 159|0x0000000750300000, 0x0000000750300000, 0x0000000750400000|  0%| F|  |TAMS 0x0000000750300000, 0x0000000750300000| Untracked 
| 160|0x0000000750400000, 0x0000000750400000, 0x0000000750500000|  0%| F|  |TAMS 0x0000000750400000, 0x0000000750400000| Untracked 
| 161|0x0000000750500000, 0x0000000750500000, 0x0000000750600000|  0%| F|  |TAMS 0x0000000750500000, 0x0000000750500000| Untracked 
| 162|0x0000000750600000, 0x0000000750600000, 0x0000000750700000|  0%| F|  |TAMS 0x0000000750600000, 0x0000000750600000| Untracked 
| 163|0x0000000750700000, 0x0000000750700000, 0x0000000750800000|  0%| F|  |TAMS 0x0000000750700000, 0x0000000750700000| Untracked 
| 164|0x0000000750800000, 0x0000000750800000, 0x0000000750900000|  0%| F|  |TAMS 0x0000000750800000, 0x0000000750800000| Untracked 
| 165|0x0000000750900000, 0x0000000750900000, 0x0000000750a00000|  0%| F|  |TAMS 0x0000000750900000, 0x0000000750900000| Untracked 
| 166|0x0000000750a00000, 0x0000000750a00000, 0x0000000750b00000|  0%| F|  |TAMS 0x0000000750a00000, 0x0000000750a00000| Untracked 
| 167|0x0000000750b00000, 0x0000000750b00000, 0x0000000750c00000|  0%| F|  |TAMS 0x0000000750b00000, 0x0000000750b00000| Untracked 
| 168|0x0000000750c00000, 0x0000000750c00000, 0x0000000750d00000|  0%| F|  |TAMS 0x0000000750c00000, 0x0000000750c00000| Untracked 
| 169|0x0000000750d00000, 0x0000000750d00000, 0x0000000750e00000|  0%| F|  |TAMS 0x0000000750d00000, 0x0000000750d00000| Untracked 
| 170|0x0000000750e00000, 0x0000000750e00000, 0x0000000750f00000|  0%| F|  |TAMS 0x0000000750e00000, 0x0000000750e00000| Untracked 
| 171|0x0000000750f00000, 0x0000000750f00000, 0x0000000751000000|  0%| F|  |TAMS 0x0000000750f00000, 0x0000000750f00000| Untracked 
| 172|0x0000000751000000, 0x0000000751000000, 0x0000000751100000|  0%| F|  |TAMS 0x0000000751000000, 0x0000000751000000| Untracked 
| 173|0x0000000751100000, 0x0000000751100000, 0x0000000751200000|  0%| F|  |TAMS 0x0000000751100000, 0x0000000751100000| Untracked 
| 174|0x0000000751200000, 0x0000000751200000, 0x0000000751300000|  0%| F|  |TAMS 0x0000000751200000, 0x0000000751200000| Untracked 
| 175|0x0000000751300000, 0x0000000751300000, 0x0000000751400000|  0%| F|  |TAMS 0x0000000751300000, 0x0000000751300000| Untracked 
| 176|0x0000000751400000, 0x0000000751400000, 0x0000000751500000|  0%| F|  |TAMS 0x0000000751400000, 0x0000000751400000| Untracked 
| 177|0x0000000751500000, 0x0000000751500000, 0x0000000751600000|  0%| F|  |TAMS 0x0000000751500000, 0x0000000751500000| Untracked 
| 178|0x0000000751600000, 0x0000000751600000, 0x0000000751700000|  0%| F|  |TAMS 0x0000000751600000, 0x0000000751600000| Untracked 
| 179|0x0000000751700000, 0x0000000751700000, 0x0000000751800000|  0%| F|  |TAMS 0x0000000751700000, 0x0000000751700000| Untracked 
| 180|0x0000000751800000, 0x0000000751800000, 0x0000000751900000|  0%| F|  |TAMS 0x0000000751800000, 0x0000000751800000| Untracked 
| 181|0x0000000751900000, 0x0000000751900000, 0x0000000751a00000|  0%| F|  |TAMS 0x0000000751900000, 0x0000000751900000| Untracked 
| 182|0x0000000751a00000, 0x0000000751a92970, 0x0000000751b00000| 57%| E|  |TAMS 0x0000000751a00000, 0x0000000751a00000| Complete 
| 183|0x0000000751b00000, 0x0000000751c00000, 0x0000000751c00000|100%| E|CS|TAMS 0x0000000751b00000, 0x0000000751b00000| Complete 
| 184|0x0000000751c00000, 0x0000000751d00000, 0x0000000751d00000|100%| E|CS|TAMS 0x0000000751c00000, 0x0000000751c00000| Complete 
| 185|0x0000000751d00000, 0x0000000751e00000, 0x0000000751e00000|100%| E|CS|TAMS 0x0000000751d00000, 0x0000000751d00000| Complete 

Card table byte_map: [0x00007f4c1d61d000,0x00007f4c1dbeb000] _byte_map_base: 0x00007f4c19beb000

Marking Bits (Prev, Next): (CMBitMap*) 0x00007f4c180726b8, (CMBitMap*) 0x00007f4c180726f0
 Prev Bits: [0x00007f4bf9190000, 0x00007f4bfc000000)
 Next Bits: [0x00007f4bf6320000, 0x00007f4bf9190000)

Polling page: 0x00007f4c21952000

Metaspace:

Usage:
  Non-class:      5,66 MB capacity,     5,59 MB ( 99%) used,    75,42 KB (  1%) free+waste,     2,94 KB ( <1%) overhead. 
      Class:    608,00 KB capacity,   527,62 KB ( 87%) used,    78,69 KB ( 13%) free+waste,     1,69 KB ( <1%) overhead. 
       Both:      6,26 MB capacity,     6,10 MB ( 98%) used,   154,11 KB (  2%) free+waste,     4,62 KB ( <1%) overhead. 

Virtual space:
  Non-class space:        8,00 MB reserved,       5,75 MB ( 72%) committed 
      Class space:        1,00 GB reserved,     640,00 KB ( <1%) committed 
             Both:        1,01 GB reserved,       6,38 MB ( <1%) committed 

Chunk freelists:
   Non-Class:  1,75 KB
       Class:  0 bytes
        Both:  1,75 KB

CodeHeap 'non-profiled nmethods': size=120032Kb used=71Kb max_used=71Kb free=119960Kb
 bounds [0x00007f4c0870d000, 0x00007f4c0897d000, 0x00007f4c0fc45000]
CodeHeap 'profiled nmethods': size=120032Kb used=373Kb max_used=373Kb free=119658Kb
 bounds [0x00007f4c011d5000, 0x00007f4c01445000, 0x00007f4c0870d000]
CodeHeap 'non-nmethods': size=5696Kb used=1044Kb max_used=1056Kb free=4651Kb
 bounds [0x00007f4c00c45000, 0x00007f4c00eb5000, 0x00007f4c011d5000]
 total_blobs=679 nmethods=269 adapters=246
 compilation: enabled
              stopped_count=0, restarted_count=0
 full_count=0

Compilation events (10 events):
Event: 0,284 Thread 0x00007f4c181bb000  264       3       java.util.zip.ZipFile$Source::hash_append (7 bytes)
Event: 0,284 Thread 0x00007f4c181bb000 nmethod 264 0x00007f4c01230790 code [0x00007f4c01230940, 0x00007f4c01230a90]
Event: 0,284 Thread 0x00007f4c181b9000 nmethod 258 0x00007f4c0871e090 code [0x00007f4c0871e220, 0x00007f4c0871e3f8]
Event: 0,285 Thread 0x00007f4c181bb000  265       3       java.util.zip.ZipUtils::CENLEN (9 bytes)
Event: 0,285 Thread 0x00007f4c181bb000 nmethod 265 0x00007f4c01230b10 code [0x00007f4c01230ce0, 0x00007f4c01231010]
Event: 0,285 Thread 0x00007f4c181bb000  266       3       java.lang.ClassLoader::findLoadedClass (16 bytes)
Event: 0,285 Thread 0x00007f4c181bb000 nmethod 266 0x00007f4c01231190 code [0x00007f4c01231360, 0x00007f4c01231598]
Event: 0,285 Thread 0x00007f4c181bb000  268       1       java.net.URL::getUserInfo (5 bytes)
Event: 0,286 Thread 0x00007f4c181bb000 nmethod 268 0x00007f4c0871e990 code [0x00007f4c0871eb40, 0x00007f4c0871ec50]
Event: 0,288 Thread 0x00007f4c181bb000  269       3       java.io.UnixFileSystem::normalize (75 bytes)

GC Heap History (0 events):
No events

Deoptimization events (1 events):
Event: 0,265 Thread 0x00007f4c18010000 Uncommon trap: reason=unstable_if action=reinterpret pc=0x00007f4c087118e4 method=java.lang.String.hashCode()I @ 14 c2

Classes redefined (0 events):
No events

Internal exceptions (2 events):
Event: 0,273 Thread 0x00007f4c18010000 Exception <a 'java/lang/NoSuchMethodError'{0x0000000751bdbc80}: java.lang.invoke.DirectMethodHandle$Holder.invokeSpecialIFC(Ljava/lang/Object;Ljava/lang/Object;I)I> (0x0000000751bdbc80) thrown at [/scratch/opt/mach5/mesos/work_dir/slaves/83bb4d84-382c-4ea
Event: 0,289 Thread 0x00007f4c18010000 Exception <a 'java/lang/NoSuchFieldError'{0x0000000751a4ba68}: HAVE_TTYNAME> (0x0000000751a4ba68) thrown at [/scratch/opt/mach5/mesos/work_dir/slaves/83bb4d84-382c-4ead-b585-d8ef0018fefe-S6551/frameworks/1735e8a2-a1db-478c-8104-60c8b0af87dd-0196/executors

Events (10 events):
Event: 0,285 loading class org/fusesource/jansi/internal/CLibrary
Event: 0,285 loading class org/fusesource/jansi/internal/CLibrary done
Event: 0,286 loading class org/fusesource/hawtjni/runtime/Library
Event: 0,286 loading class org/fusesource/hawtjni/runtime/Library done
Event: 0,287 loading class java/lang/UnsatisfiedLinkError
Event: 0,287 loading class java/lang/UnsatisfiedLinkError done
Event: 0,288 loading class java/lang/ClassLoader$NativeLibrary$Unloader
Event: 0,288 loading class java/lang/ClassLoader$NativeLibrary$Unloader done
Event: 0,289 loading class java/lang/NoSuchFieldError
Event: 0,289 loading class java/lang/NoSuchFieldError done


Dynamic libraries:
00400000-00401000 r-xp 00000000 00:2d 4251380                            /usr/java/jdk-11.0.1/bin/java
00600000-00601000 r--p 00000000 00:2d 4251380                            /usr/java/jdk-11.0.1/bin/java
00601000-00602000 rw-p 00001000 00:2d 4251380                            /usr/java/jdk-11.0.1/bin/java
023a0000-023c1000 rw-p 00000000 00:00 0                                  [heap]
746400000-751e00000 rw-p 00000000 00:00 0 
751e00000-800000000 ---p 00000000 00:00 0 
800000000-8000a0000 rw-p 00000000 00:00 0 
8000a0000-840000000 ---p 00000000 00:00 0 
7f4bb8000000-7f4bb8021000 rw-p 00000000 00:00 0 
7f4bb8021000-7f4bbc000000 ---p 00000000 00:00 0 
7f4bbf639000-7f4bbf9e3000 rw-p 00000000 00:00 0 
7f4bbf9e3000-7f4bbf9e5000 r-xp 00000000 00:2d 4107287                    /lib64/libutil-2.26.so
7f4bbf9e5000-7f4bbfbe4000 ---p 00002000 00:2d 4107287                    /lib64/libutil-2.26.so
7f4bbfbe4000-7f4bbfbe5000 r--p 00001000 00:2d 4107287                    /lib64/libutil-2.26.so
7f4bbfbe5000-7f4bbfbe6000 rw-p 00002000 00:2d 4107287                    /lib64/libutil-2.26.so
7f4bbfbe6000-7f4bbfbe9000 r-xp 00000000 00:3f 2813                       /opt/maven/lib/jansi-native/linux64/libjansi.so
7f4bbfbe9000-7f4bbfde8000 ---p 00003000 00:3f 2813                       /opt/maven/lib/jansi-native/linux64/libjansi.so
7f4bbfde8000-7f4bbfde9000 rw-p 00002000 00:3f 2813                       /opt/maven/lib/jansi-native/linux64/libjansi.so
7f4bbfde9000-7f4bbfdff000 r-xp 00000000 00:2d 4251861                    /usr/java/jdk-11.0.1/lib/libnet.so
7f4bbfdff000-7f4bbfffe000 ---p 00016000 00:2d 4251861                    /usr/java/jdk-11.0.1/lib/libnet.so
7f4bbfffe000-7f4bbffff000 r--p 00015000 00:2d 4251861                    /usr/java/jdk-11.0.1/lib/libnet.so
7f4bbffff000-7f4bc0000000 rw-p 00016000 00:2d 4251861                    /usr/java/jdk-11.0.1/lib/libnet.so
7f4bc0000000-7f4bc0021000 rw-p 00000000 00:00 0 
7f4bc0021000-7f4bc4000000 ---p 00000000 00:00 0 
7f4bc4000000-7f4bc4021000 rw-p 00000000 00:00 0 
7f4bc4021000-7f4bc8000000 ---p 00000000 00:00 0 
7f4bc8000000-7f4bc80b6000 rw-p 00000000 00:00 0 
7f4bc80b6000-7f4bcc000000 ---p 00000000 00:00 0 
7f4bcc000000-7f4bcc021000 rw-p 00000000 00:00 0 
7f4bcc021000-7f4bd0000000 ---p 00000000 00:00 0 
7f4bd0000000-7f4bd0021000 rw-p 00000000 00:00 0 
7f4bd0021000-7f4bd4000000 ---p 00000000 00:00 0 
7f4bd4000000-7f4bd40f4000 rw-p 00000000 00:00 0 
7f4bd40f4000-7f4bd8000000 ---p 00000000 00:00 0 
7f4bd8000000-7f4bd8021000 rw-p 00000000 00:00 0 
7f4bd8021000-7f4bdc000000 ---p 00000000 00:00 0 
7f4bdc000000-7f4bdc021000 rw-p 00000000 00:00 0 
7f4bdc021000-7f4be0000000 ---p 00000000 00:00 0 
7f4be0000000-7f4be0021000 rw-p 00000000 00:00 0 
7f4be0021000-7f4be4000000 ---p 00000000 00:00 0 
7f4be4000000-7f4be4021000 rw-p 00000000 00:00 0 
7f4be4021000-7f4be8000000 ---p 00000000 00:00 0 
7f4be8000000-7f4be8021000 rw-p 00000000 00:00 0 
7f4be8021000-7f4bec000000 ---p 00000000 00:00 0 
7f4bec000000-7f4bec021000 rw-p 00000000 00:00 0 
7f4bec021000-7f4bf0000000 ---p 00000000 00:00 0 
7f4bf0000000-7f4bf0021000 rw-p 00000000 00:00 0 
7f4bf0021000-7f4bf4000000 ---p 00000000 00:00 0 
7f4bf400e000-7f4bf401e000 r-xp 00000000 00:2d 4251862                    /usr/java/jdk-11.0.1/lib/libnio.so
7f4bf401e000-7f4bf421d000 ---p 00010000 00:2d 4251862                    /usr/java/jdk-11.0.1/lib/libnio.so
7f4bf421d000-7f4bf421e000 r--p 0000f000 00:2d 4251862                    /usr/java/jdk-11.0.1/lib/libnio.so
7f4bf421e000-7f4bf421f000 rw-p 00010000 00:2d 4251862                    /usr/java/jdk-11.0.1/lib/libnio.so
7f4bf421f000-7f4bf4223000 ---p 00000000 00:00 0 
7f4bf4223000-7f4bf6608000 rw-p 00000000 00:00 0 
7f4bf6608000-7f4bf9190000 ---p 00000000 00:00 0 
7f4bf9190000-7f4bf9478000 rw-p 00000000 00:00 0 
7f4bf9478000-7f4bfc000000 ---p 00000000 00:00 0 
7f4bfc000000-7f4bfc021000 rw-p 00000000 00:00 0 
7f4bfc021000-7f4c00000000 ---p 00000000 00:00 0 
7f4c000ac000-7f4c000dd000 rw-p 00000000 00:00 0 
7f4c000dd000-7f4c000de000 ---p 00000000 00:00 0 
7f4c000de000-7f4c001df000 rw-p 00000000 00:00 0 
7f4c001df000-7f4c001e3000 ---p 00000000 00:00 0 
7f4c001e3000-7f4c002e0000 rw-p 00000000 00:00 0 
7f4c002e0000-7f4c002e4000 ---p 00000000 00:00 0 
7f4c002e4000-7f4c003e1000 rw-p 00000000 00:00 0 
7f4c003e1000-7f4c003e5000 ---p 00000000 00:00 0 
7f4c003e5000-7f4c004e2000 rw-p 00000000 00:00 0 
7f4c004e2000-7f4c004e6000 ---p 00000000 00:00 0 
7f4c004e6000-7f4c005e3000 rw-p 00000000 00:00 0 
7f4c005e3000-7f4c005e7000 ---p 00000000 00:00 0 
7f4c005e7000-7f4c006e4000 rw-p 00000000 00:00 0 
7f4c006e4000-7f4c00735000 r--p 00000000 00:2d 4133651                    /usr/lib/locale/ru_RU.utf8/LC_CTYPE
7f4c00735000-7f4c00865000 r--p 00000000 00:2d 4133730                    /usr/lib/locale/ru_RU.utf8/LC_COLLATE
7f4c00865000-7f4c00869000 ---p 00000000 00:00 0 
7f4c00869000-7f4c00966000 rw-p 00000000 00:00 0 
7f4c00966000-7f4c0096a000 ---p 00000000 00:00 0 
7f4c0096a000-7f4c00a67000 rw-p 00000000 00:00 0 
7f4c00a67000-7f4c00a68000 ---p 00000000 00:00 0 
7f4c00a68000-7f4c00c45000 rw-p 00000000 00:00 0 
7f4c00c45000-7f4c00eb5000 rwxp 00000000 00:00 0 
7f4c00eb5000-7f4c011d5000 ---p 00000000 00:00 0 
7f4c011d5000-7f4c01445000 rwxp 00000000 00:00 0 
7f4c01445000-7f4c0870d000 ---p 00000000 00:00 0 
7f4c0870d000-7f4c0897d000 rwxp 00000000 00:00 0 
7f4c0897d000-7f4c0fc45000 ---p 00000000 00:00 0 
7f4c0fc45000-7f4c18000000 r--s 00000000 00:2d 4251872                    /usr/java/jdk-11.0.1/lib/modules
7f4c18000000-7f4c184b4000 rw-p 00000000 00:00 0 
7f4c184b4000-7f4c1c000000 ---p 00000000 00:00 0 
7f4c1c015000-7f4c1c016000 r--p 00000000 00:2d 4133788                    /usr/lib/locale/ru_RU.utf8/LC_NUMERIC
7f4c1c016000-7f4c1c017000 r--p 00000000 00:2d 4132778                    /usr/lib/locale/ru_RU.utf8/LC_TIME
7f4c1c017000-7f4c1c018000 r--p 00000000 00:2d 4133787                    /usr/lib/locale/ru_RU.utf8/LC_MONETARY
7f4c1c018000-7f4c1c019000 r--p 00000000 00:2d 4134021                    /usr/lib/locale/ru_RU.utf8/LC_MESSAGES/SYS_LC_MESSAGES
7f4c1c019000-7f4c1c01a000 r--p 00000000 00:2d 4133654                    /usr/lib/locale/ru_RU.utf8/LC_PAPER
7f4c1c01a000-7f4c1c01b000 r--p 00000000 00:2d 4133684                    /usr/lib/locale/ru_RU.utf8/LC_NAME
7f4c1c01b000-7f4c1c603000 rw-p 00000000 00:00 0 
7f4c1c603000-7f4c1c843000 ---p 00000000 00:00 0 
7f4c1c843000-7f4c1c844000 ---p 00000000 00:00 0 
7f4c1c844000-7f4c1c945000 rw-p 00000000 00:00 0 
7f4c1c945000-7f4c1c946000 ---p 00000000 00:00 0 
7f4c1c946000-7f4c1ce4b000 rw-p 00000000 00:00 0 
7f4c1ce4b000-7f4c1ce4c000 ---p 00000000 00:00 0 
7f4c1ce4c000-7f4c1cf4d000 rw-p 00000000 00:00 0 
7f4c1cf4d000-7f4c1cf4e000 ---p 00000000 00:00 0 
7f4c1cf4e000-7f4c1d0ac000 rw-p 00000000 00:00 0 
7f4c1d0ac000-7f4c1d61d000 ---p 00000000 00:00 0 
7f4c1d61d000-7f4c1d67a000 rw-p 00000000 00:00 0 
7f4c1d67a000-7f4c1dbeb000 ---p 00000000 00:00 0 
7f4c1dbeb000-7f4c1dc48000 rw-p 00000000 00:00 0 
7f4c1dc48000-7f4c1e1b9000 ---p 00000000 00:00 0 
7f4c1e1b9000-7f4c1e5bd000 rw-p 00000000 00:00 0 
7f4c1e5bd000-7f4c1e5be000 ---p 00000000 00:00 0 
7f4c1e5be000-7f4c1e6c4000 rw-p 00000000 00:00 0 
7f4c1e6c4000-7f4c1e7aa000 ---p 00000000 00:00 0 
7f4c1e7aa000-7f4c1e7af000 rw-p 00000000 00:00 0 
7f4c1e7af000-7f4c1e895000 ---p 00000000 00:00 0 
7f4c1e895000-7f4c1e8b0000 r-xp 00000000 00:2d 4251853                    /usr/java/jdk-11.0.1/lib/libjimage.so
7f4c1e8b0000-7f4c1eaaf000 ---p 0001b000 00:2d 4251853                    /usr/java/jdk-11.0.1/lib/libjimage.so
7f4c1eaaf000-7f4c1eab1000 r--p 0001a000 00:2d 4251853                    /usr/java/jdk-11.0.1/lib/libjimage.so
7f4c1eab1000-7f4c1eab2000 rw-p 0001c000 00:2d 4251853                    /usr/java/jdk-11.0.1/lib/libjimage.so
7f4c1eab2000-7f4c1eab9000 r-xp 00000000 00:2d 4251871                    /usr/java/jdk-11.0.1/lib/libzip.so
7f4c1eab9000-7f4c1ecb8000 ---p 00007000 00:2d 4251871                    /usr/java/jdk-11.0.1/lib/libzip.so
7f4c1ecb8000-7f4c1ecb9000 r--p 00006000 00:2d 4251871                    /usr/java/jdk-11.0.1/lib/libzip.so
7f4c1ecb9000-7f4c1ecba000 rw-p 00007000 00:2d 4251871                    /usr/java/jdk-11.0.1/lib/libzip.so
7f4c1ecba000-7f4c1ece5000 r-xp 00000000 00:2d 4251849                    /usr/java/jdk-11.0.1/lib/libjava.so
7f4c1ece5000-7f4c1eee4000 ---p 0002b000 00:2d 4251849                    /usr/java/jdk-11.0.1/lib/libjava.so
7f4c1eee4000-7f4c1eee5000 r--p 0002a000 00:2d 4251849                    /usr/java/jdk-11.0.1/lib/libjava.so
7f4c1eee5000-7f4c1eee7000 rw-p 0002b000 00:2d 4251849                    /usr/java/jdk-11.0.1/lib/libjava.so
7f4c1eee7000-7f4c1eef4000 r-xp 00000000 00:2d 4251870                    /usr/java/jdk-11.0.1/lib/libverify.so
7f4c1eef4000-7f4c1f0f3000 ---p 0000d000 00:2d 4251870                    /usr/java/jdk-11.0.1/lib/libverify.so
7f4c1f0f3000-7f4c1f0f5000 r--p 0000c000 00:2d 4251870                    /usr/java/jdk-11.0.1/lib/libverify.so
7f4c1f0f5000-7f4c1f0f6000 rw-p 0000e000 00:2d 4251870                    /usr/java/jdk-11.0.1/lib/libverify.so
7f4c1f0f6000-7f4c1f0fd000 r-xp 00000000 00:2d 4107283                    /lib64/librt-2.26.so
7f4c1f0fd000-7f4c1f2fc000 ---p 00007000 00:2d 4107283                    /lib64/librt-2.26.so
7f4c1f2fc000-7f4c1f2fd000 r--p 00006000 00:2d 4107283                    /lib64/librt-2.26.so
7f4c1f2fd000-7f4c1f2fe000 rw-p 00007000 00:2d 4107283                    /lib64/librt-2.26.so
7f4c1f2fe000-7f4c1f448000 r-xp 00000000 00:2d 4107261                    /lib64/libm-2.26.so
7f4c1f448000-7f4c1f647000 ---p 0014a000 00:2d 4107261                    /lib64/libm-2.26.so
7f4c1f647000-7f4c1f648000 r--p 00149000 00:2d 4107261                    /lib64/libm-2.26.so
7f4c1f648000-7f4c1f649000 rw-p 0014a000 00:2d 4107261                    /lib64/libm-2.26.so
7f4c1f649000-7f4c207d1000 r-xp 00000000 00:2d 4251883                    /usr/java/jdk-11.0.1/lib/server/libjvm.so
7f4c207d1000-7f4c209d1000 ---p 01188000 00:2d 4251883                    /usr/java/jdk-11.0.1/lib/server/libjvm.so
7f4c209d1000-7f4c20a9b000 r--p 01188000 00:2d 4251883                    /usr/java/jdk-11.0.1/lib/server/libjvm.so
7f4c20a9b000-7f4c20ad5000 rw-p 01252000 00:2d 4251883                    /usr/java/jdk-11.0.1/lib/server/libjvm.so
7f4c20ad5000-7f4c20b2b000 rw-p 00000000 00:00 0 
7f4c20b2b000-7f4c20cdc000 r-xp 00000000 00:2d 4107253                    /lib64/libc-2.26.so
7f4c20cdc000-7f4c20edb000 ---p 001b1000 00:2d 4107253                    /lib64/libc-2.26.so
7f4c20edb000-7f4c20edf000 r--p 001b0000 00:2d 4107253                    /lib64/libc-2.26.so
7f4c20edf000-7f4c20ee1000 rw-p 001b4000 00:2d 4107253                    /lib64/libc-2.26.so
7f4c20ee1000-7f4c20ee5000 rw-p 00000000 00:00 0 
7f4c20ee5000-7f4c20ee8000 r-xp 00000000 00:2d 4107259                    /lib64/libdl-2.26.so
7f4c20ee8000-7f4c210e7000 ---p 00003000 00:2d 4107259                    /lib64/libdl-2.26.so
7f4c210e7000-7f4c210e8000 r--p 00002000 00:2d 4107259                    /lib64/libdl-2.26.so
7f4c210e8000-7f4c210e9000 rw-p 00003000 00:2d 4107259                    /lib64/libdl-2.26.so
7f4c210e9000-7f4c210f8000 r-xp 00000000 00:2d 4251834                    /usr/java/jdk-11.0.1/lib/jli/libjli.so
7f4c210f8000-7f4c212f8000 ---p 0000f000 00:2d 4251834                    /usr/java/jdk-11.0.1/lib/jli/libjli.so
7f4c212f8000-7f4c212f9000 r--p 0000f000 00:2d 4251834                    /usr/java/jdk-11.0.1/lib/jli/libjli.so
7f4c212f9000-7f4c212fa000 rw-p 00010000 00:2d 4251834                    /usr/java/jdk-11.0.1/lib/jli/libjli.so
7f4c212fa000-7f4c21313000 r-xp 00000000 00:2d 4107279                    /lib64/libpthread-2.26.so
7f4c21313000-7f4c21512000 ---p 00019000 00:2d 4107279                    /lib64/libpthread-2.26.so
7f4c21512000-7f4c21513000 r--p 00018000 00:2d 4107279                    /lib64/libpthread-2.26.so
7f4c21513000-7f4c21514000 rw-p 00019000 00:2d 4107279                    /lib64/libpthread-2.26.so
7f4c21514000-7f4c21518000 rw-p 00000000 00:00 0 
7f4c21518000-7f4c2152e000 r-xp 00000000 00:2d 3812706                    /lib64/libz.so.1.2.11
7f4c2152e000-7f4c2172d000 ---p 00016000 00:2d 3812706                    /lib64/libz.so.1.2.11
7f4c2172d000-7f4c2172e000 r--p 00015000 00:2d 3812706                    /lib64/libz.so.1.2.11
7f4c2172e000-7f4c2172f000 rw-p 00016000 00:2d 3812706                    /lib64/libz.so.1.2.11
7f4c2172f000-7f4c21754000 r-xp 00000000 00:2d 4107245                    /lib64/ld-2.26.so
7f4c21754000-7f4c21755000 r--p 00000000 00:2d 4132776                    /usr/lib/locale/ru_RU.utf8/LC_ADDRESS
7f4c21755000-7f4c21756000 r--p 00000000 00:2d 4133789                    /usr/lib/locale/ru_RU.utf8/LC_TELEPHONE
7f4c21756000-7f4c21757000 r--p 00000000 00:2d 4133652                    /usr/lib/locale/ru_RU.utf8/LC_MEASUREMENT
7f4c21757000-7f4c2175e000 r--s 00000000 00:2d 4134065                    /usr/lib64/gconv/gconv-modules.cache
7f4c2175e000-7f4c21808000 rw-p 00000000 00:00 0 
7f4c21808000-7f4c2180f000 ---p 00000000 00:00 0 
7f4c2180f000-7f4c21813000 ---p 00000000 00:00 0 
7f4c21813000-7f4c21914000 rw-p 00000000 00:00 0 
7f4c21914000-7f4c21915000 r--p 00000000 00:2d 4132777                    /usr/lib/locale/ru_RU.utf8/LC_IDENTIFICATION
7f4c21915000-7f4c2191d000 rw-s 00000000 00:3d 575366                     /tmp/hsperfdata_dante/3987
7f4c2191d000-7f4c21952000 r--s 00000000 00:2d 2385085                    /var/lib/nscd/passwd
7f4c21952000-7f4c21953000 ---p 00000000 00:00 0 
7f4c21953000-7f4c21954000 r--p 00000000 00:00 0 
7f4c21954000-7f4c21955000 r--p 00025000 00:2d 4107245                    /lib64/ld-2.26.so
7f4c21955000-7f4c21956000 rw-p 00026000 00:2d 4107245                    /lib64/ld-2.26.so
7f4c21956000-7f4c21957000 rw-p 00000000 00:00 0 
7fffccac4000-7fffccae6000 rw-p 00000000 00:00 0                          [stack]
7fffccb57000-7fffccb5a000 r--p 00000000 00:00 0                          [vvar]
7fffccb5a000-7fffccb5c000 r-xp 00000000 00:00 0                          [vdso]
ffffffffff600000-ffffffffff601000 r-xp 00000000 00:00 0                  [vsyscall]


VM Arguments:
jvm_args: -Dclassworlds.conf=/opt/maven/bin/m2.conf -Dmaven.home=/opt/maven -Dlibrary.jansi.path=/opt/maven/lib/jansi-native -Dmaven.multiModuleProjectDirectory=/media/data/STOCKER 
java_command: org.codehaus.plexus.classworlds.launcher.Launcher install
java_class_path (initial): /opt/maven/boot/plexus-classworlds-2.5.2.jar
Launcher Type: SUN_STANDARD

[Global flags]
     intx CICompilerCount                          = 3                                         {product} {ergonomic}
     uint ConcGCThreads                            = 1                                         {product} {ergonomic}
     uint G1ConcRefinementThreads                  = 4                                         {product} {ergonomic}
   size_t G1HeapRegionSize                         = 1048576                                   {product} {ergonomic}
    uintx GCDrainStackTargetSize                   = 64                                        {product} {ergonomic}
   size_t InitialHeapSize                          = 195035136                                 {product} {ergonomic}
   size_t MarkStackSize                            = 4194304                                   {product} {ergonomic}
   size_t MaxHeapSize                              = 3116367872                                {product} {ergonomic}
   size_t MaxNewSize                               = 1869611008                                {product} {ergonomic}
   size_t MinHeapDeltaBytes                        = 1048576                                   {product} {ergonomic}
    uintx NonNMethodCodeHeapSize                   = 5830092                                {pd product} {ergonomic}
    uintx NonProfiledCodeHeapSize                  = 122914074                              {pd product} {ergonomic}
    uintx ProfiledCodeHeapSize                     = 122914074                              {pd product} {ergonomic}
    uintx ReservedCodeCacheSize                    = 251658240                              {pd product} {ergonomic}
     bool SegmentedCodeCache                       = true                                      {product} {ergonomic}
     bool UseCompressedClassPointers               = true                                 {lp64_product} {ergonomic}
     bool UseCompressedOops                        = true                                 {lp64_product} {ergonomic}
     bool UseG1GC                                  = true                                      {product} {ergonomic}

Logging:
Log output configuration:
 #0: stdout all=warning uptime,level,tags
 #1: stderr all=off uptime,level,tags

Environment Variables:
JAVA_HOME=/usr/java/jdk-11.0.1
JRE_HOME=/usr/lib64/jvm/java/jre
PATH=/usr/java/jdk-11.0.1/bin:/opt/maven/bin:usr/java/jdk-11.0.1/bin:/opt/maven/bin:/usr/java/jdk-11.0.1/bin:/opt/maven/bin:usr/java/jdk-11.0.1/bin:/opt/maven/bin:/usr/java/jdk-11.0.1/bin:/opt/maven/bin:usr/java/jdk-11.0.1/bin:/home/dante/bin:/usr/local/bin:/usr/bin:/bin:/home/dante/.dotnet/tools:/usr/lib/mit/bin:/usr/lib/mit/sbin
SHELL=/bin/bash
DISPLAY=:0
HOSTTYPE=x86_64
OSTYPE=linux
MACHTYPE=x86_64-suse-linux

Signal Handlers:
SIGSEGV: [libjvm.so+0xe5ac10], sa_mask[0]=11111111011111111101111111111110, sa_flags=SA_RESTART|SA_SIGINFO
SIGBUS: [libjvm.so+0xe5ac10], sa_mask[0]=11111111011111111101111111111110, sa_flags=SA_RESTART|SA_SIGINFO
SIGFPE: [libjvm.so+0xe5ac10], sa_mask[0]=11111111011111111101111111111110, sa_flags=SA_RESTART|SA_SIGINFO
SIGPIPE: [libjvm.so+0xc30d00], sa_mask[0]=11111111011111111101111111111110, sa_flags=SA_RESTART|SA_SIGINFO
SIGXFSZ: [libjvm.so+0xc30d00], sa_mask[0]=11111111011111111101111111111110, sa_flags=SA_RESTART|SA_SIGINFO
SIGILL: [libjvm.so+0xe5ac10], sa_mask[0]=11111111011111111101111111111110, sa_flags=SA_RESTART|SA_SIGINFO
SIGUSR2: [libjvm.so+0xc30ba0], sa_mask[0]=00100000000000000000000000000000, sa_flags=SA_RESTART|SA_SIGINFO
SIGHUP: [libjvm.so+0xc30f00], sa_mask[0]=11111111011111111101111111111110, sa_flags=SA_RESTART|SA_SIGINFO
SIGINT: [libjvm.so+0xc30f00], sa_mask[0]=11111111011111111101111111111110, sa_flags=SA_RESTART|SA_SIGINFO
SIGTERM: [libjvm.so+0xc30f00], sa_mask[0]=11111111011111111101111111111110, sa_flags=SA_RESTART|SA_SIGINFO
SIGQUIT: [libjvm.so+0xc30f00], sa_mask[0]=11111111011111111101111111111110, sa_flags=SA_RESTART|SA_SIGINFO


---------------  S Y S T E M  ---------------

OS:LSB_VERSION="core-2.0-noarch:core-3.2-noarch:core-4.0-noarch:core-2.0-x86_64:core-3.2-x86_64:core-4.0-x86_64"
uname:Linux 4.12.14-lp150.12.25-default #1 SMP Thu Nov 1 06:14:23 UTC 2018 (3fcf457) x86_64
libc:glibc 2.26 NPTL 2.26 
rlimit: STACK 8192k, CORE 0k, NPROC 47054, NOFILE 4096, AS infinity, DATA infinity, FSIZE infinity
load average:1,17 1,08 0,71

/proc/meminfo:
MemTotal:       12171420 kB
MemFree:         1268036 kB
MemAvailable:    8628708 kB
Buffers:            3488 kB
Cached:          3269588 kB
SwapCached:            0 kB
Active:          3737140 kB
Inactive:        1933892 kB
Active(anon):    2399580 kB
Inactive(anon):   433924 kB
Active(file):    1337560 kB
Inactive(file):  1499968 kB
Unevictable:          32 kB
Mlocked:              32 kB
SwapTotal:       5244924 kB
SwapFree:        5244924 kB
Dirty:               540 kB
Writeback:             0 kB
AnonPages:       2332828 kB
Mapped:           579644 kB
Shmem:            435552 kB
Slab:            4946352 kB
SReclaimable:    4847276 kB
SUnreclaim:        99076 kB
KernelStack:       13616 kB
PageTables:        56672 kB
NFS_Unstable:          0 kB
Bounce:                0 kB
WritebackTmp:          0 kB
CommitLimit:    11330632 kB
Committed_AS:    8806808 kB
VmallocTotal:   34359738367 kB
VmallocUsed:           0 kB
VmallocChunk:          0 kB
HardwareCorrupted:     0 kB
AnonHugePages:    616448 kB
ShmemHugePages:        0 kB
ShmemPmdMapped:        0 kB
HugePages_Total:       0
HugePages_Free:        0
HugePages_Rsvd:        0
HugePages_Surp:        0
Hugepagesize:       2048 kB
DirectMap4k:      227016 kB
DirectMap2M:     9091072 kB
DirectMap1G:     4194304 kB


/proc/sys/kernel/threads-max (system-wide limit on the number of threads):
94108


/proc/sys/vm/max_map_count (maximum number of memory map areas a process may have):
65530


/proc/sys/kernel/pid_max (system-wide limit on number of process identifiers):
32768


container (cgroup) information:
container_type: cgroupv1
cpu_cpuset_cpus: 0-3
cpu_memory_nodes: 0
active_processor_count: 4
cpu_quota: -1
cpu_period: 100000
cpu_shares: -1
memory_limit_in_bytes: -1
memory_and_swap_limit_in_bytes: -2
memory_soft_limit_in_bytes: -1
memory_usage_in_bytes: 5807812608
memory_max_usage_in_bytes: 0


CPU:total 4 (initial active 4) (2 cores per cpu, 2 threads per core) family 6 model 142 stepping 9, cmov, cx8, fxsr, mmx, sse, sse2, sse3, ssse3, sse4.1, sse4.2, popcnt, avx, avx2, aes, clmul, erms, 3dnowpref, lzcnt, ht, tsc, tscinvbit, bmi1, bmi2, adx, fma
CPU Model and flags from /proc/cpuinfo:
model name	: Intel(R) Core(TM) i5-7200U CPU @ 2.50GHz
flags		: fpu vme de pse tsc msr pae mce cx8 apic sep mtrr pge mca cmov pat pse36 clflush dts acpi mmx fxsr sse sse2 ss ht tm pbe syscall nx pdpe1gb rdtscp lm constant_tsc art arch_perfmon pebs bts rep_good nopl xtopology nonstop_tsc cpuid aperfmperf tsc_known_freq pni pclmulqdq dtes64 monitor ds_cpl vmx est tm2 ssse3 sdbg fma cx16 xtpr pdcm pcid sse4_1 sse4_2 x2apic movbe popcnt tsc_deadline_timer aes xsave avx f16c rdrand lahf_lm abm 3dnowprefetch cpuid_fault epb invpcid_single pti ssbd ibrs ibpb stibp tpr_shadow vnmi flexpriority ept vpid fsgsbase tsc_adjust bmi1 avx2 smep bmi2 erms invpcid mpx rdseed adx smap clflushopt intel_pt xsaveopt xsavec xgetbv1 xsaves dtherm ida arat pln pts hwp hwp_notify hwp_act_window hwp_epp flush_l1d

Memory: 4k page, physical 12171420k(1268020k free), swap 5244924k(5244924k free)

vm_info: Java HotSpot(TM) 64-Bit Server VM (11.0.1+13-LTS) for linux-amd64 JRE (11.0.1+13-LTS), built on Oct  6 2018 05:13:05 by "mach5one" with gcc 7.3.0

END.
